<?xml version="1.0" encoding="UTF-8"?>
<testsuite xmlns:xsi="http://www.w3.org/2001/XMLSchema-instance" xsi:noNamespaceSchemaLocation="https://maven.apache.org/surefire/maven-surefire-plugin/xsd/surefire-test-report.xsd" name="com.ibik.pbo.praktikum.AppTest" time="0.021" tests="1" errors="0" skipped="0" failures="0">
  <properties>
    <property name="java.specification.version" value="19"/>
    <property name="sun.cpu.isalist" value="amd64"/>
    <property name="sun.jnu.encoding" value="Cp1252"/>
    <property name="java.class.path" value="E:\Kampus\IBIK\Materi\PBO\LAB\10\PBO-222310041-PRAKTIKUM-8\target\test-classes;E:\Kampus\IBIK\Materi\PBO\LAB\10\PBO-222310041-PRAKTIKUM-8\target\classes;C:\Users\Hapiz\.m2\repository\junit\junit\4.11\junit-4.11.jar;C:\Users\Hapiz\.m2\repository\org\hamcrest\hamcrest-core\1.3\hamcrest-core-1.3.jar;C:\Users\Hapiz\.m2\repository\com\itextpdf\itextpdf\5.5.13\itextpdf-5.5.13.jar;"/>
    <property name="java.vm.vendor" value="Oracle Corporation"/>
    <property name="sun.arch.data.model" value="64"/>
    <property name="user.variant" value=""/>
    <property name="java.vendor.url" value="https://java.oracle.com/"/>
    <property name="user.timezone" value="Asia/Jakarta"/>
    <property name="os.name" value="Windows 10"/>
    <property name="java.vm.specification.version" value="19"/>
    <property name="sun.java.launcher" value="SUN_STANDARD"/>
    <property name="user.country" value="US"/>
    <property name="sun.boot.library.path" value="C:\Program Files\Java\jdk-19\bin"/>
    <property name="sun.java.command" value="C:\Users\Hapiz\AppData\Local\Temp\surefire14319612634867825236\surefirebooter5308358902854960528.jar C:\Users\Hapiz\AppData\Local\Temp\surefire14319612634867825236 2022-12-16T19-14-18_918-jvmRun1 surefire390594330429352991tmp surefire_015767424960216058192tmp"/>
    <property name="jdk.debug" value="release"/>
    <property name="surefire.test.class.path" value="E:\Kampus\IBIK\Materi\PBO\LAB\10\PBO-222310041-PRAKTIKUM-8\target\test-classes;E:\Kampus\IBIK\Materi\PBO\LAB\10\PBO-222310041-PRAKTIKUM-8\target\classes;C:\Users\Hapiz\.m2\repository\junit\junit\4.11\junit-4.11.jar;C:\Users\Hapiz\.m2\repository\org\hamcrest\hamcrest-core\1.3\hamcrest-core-1.3.jar;C:\Users\Hapiz\.m2\repository\com\itextpdf\itextpdf\5.5.13\itextpdf-5.5.13.jar;"/>
    <property name="sun.cpu.endian" value="little"/>
    <property name="user.home" value="C:\Users\Hapiz"/>
    <property name="user.language" value="en"/>
    <property name="java.specification.vendor" value="Oracle Corporation"/>
    <property name="java.version.date" value="2022-10-18"/>
    <property name="java.home" value="C:\Program Files\Java\jdk-19"/>
    <property name="file.separator" value="\"/>
    <property name="basedir" value="E:\Kampus\IBIK\Materi\PBO\LAB\10\PBO-222310041-PRAKTIKUM-8"/>
    <property name="java.vm.compressedOopsMode" value="Zero based"/>
    <property name="line.separator" value="&#10;"/>
    <property name="java.vm.specification.vendor" value="Oracle Corporation"/>
    <property name="java.specification.name" value="Java Platform API Specification"/>
    <property name="surefire.real.class.path" value="C:\Users\Hapiz\AppData\Local\Temp\surefire14319612634867825236\surefirebooter5308358902854960528.jar"/>
    <property name="user.script" value=""/>
    <property name="sun.management.compiler" value="HotSpot 64-Bit Tiered Compilers"/>
    <property name="java.runtime.version" value="19.0.1+10-21"/>
    <property name="user.name" value="FUCK OFF"/>
    <property name="stdout.encoding" value="Cp1252"/>
    <property name="path.separator" value=";"/>
    <property name="os.version" value="10.0"/>
    <property name="java.runtime.name" value="Java(TM) SE Runtime Environment"/>
    <property name="file.encoding" value="UTF-8"/>
    <property name="java.vm.name" value="Java HotSpot(TM) 64-Bit Server VM"/>
    <property name="localRepository" value="C:\Users\Hapiz\.m2\repository"/>
    <property name="java.vendor.url.bug" value="https://bugreport.java.com/bugreport/"/>
    <property name="java.io.tmpdir" value="C:\Users\Hapiz\AppData\Local\Temp\"/>
    <property name="java.version" value="19.0.1"/>
    <property name="user.dir" value="E:\Kampus\IBIK\Materi\PBO\LAB\10\PBO-222310041-PRAKTIKUM-8"/>
    <property name="os.arch" value="amd64"/>
    <property name="java.vm.specification.name" value="Java Virtual Machine Specification"/>
    <property name="sun.os.patch.level" value=""/>
    <property name="native.encoding" value="Cp1252"/>
    <property name="java.library.path" value="C:\Program Files\Java\jdk-19\bin;C:\Windows\Sun\Java\bin;C:\Windows\system32;C:\Windows;C:\Users\Hapiz\bin;C:\Program Files\Git\mingw64\bin;C:\Program Files\Git\usr\local\bin;C:\Program Files\Git\usr\bin;C:\Program Files\Git\usr\bin;C:\Program Files\Git\mingw64\bin;C:\Program Files\Git\usr\bin;C:\Users\Hapiz\bin;C:\Program Files\Common Files\Oracle\Java\javapath;C:\Program Files\NVIDIA GPU Computing Toolkit\CUDA\v11.7\bin;C:\Program Files\NVIDIA GPU Computing Toolkit\CUDA\v11.7\libnvvp;C:\Program Files\Java\jdk1.8.0_202\bin;C:\Program Files\dotnet;C:\Program Files\GitHub CLI;C:\Users\Hapiz\AppData\Roaming\npm;C:\Program Files (x86)\GnuPG\bin;C:\ProgramData\chocolatey\bin;C:\Program Files\NVIDIA Corporation\Nsight Compute 2022.2.1;C:\Program Files (x86)\NVIDIA Corporation\PhysX\Common;C:\Program Files\NVIDIA Corporation\NVIDIA NvDLISR;C:\Program Files\NVIDIA GPU Computing Toolkit\CUDA\v11.7\include\CL;C:\Program Files (x86)\Windows Kits\10\Windows Performance Toolkit;C:\Program Files\Microsoft SQL Server\130\Tools\Binn;C:\Program Files\Microsoft SQL Server\150\Tools\Binn;C:\Program Files\Microsoft SQL Server\Client SDK\ODBC\170\Tools\Binn;C:\Program Files\Git\cmd;C:\Program Files\LLVM\bin;C:\Program Files\Go\bin;C:\Users\Hapiz\AppData\Roaming\nvm;C:\Program Files\nodejs;C:\Program Files\apache-maven-3.8.6\bin;C:\SysGCC\raspberry\bin;C:\Ruby30-x64\bin;C:\Users\Hapiz\.cargo\bin;C:\Users\Hapiz\AppData\Local\Microsoft\WindowsApps;C:\Users\Hapiz\.dotnet\tools;C:\Users\Hapiz\AppData\Local\Programs\EmEditor;C:\Program Files\Java\jre1.8.0_291\bin;C:\Windows;C:\Users\Hapiz\go\bin;C:\Program Files\IPFS Desktop\resources\app.asar.unpacked\src\ipfs-on-path\scripts\bin-win;C:\Users\Hapiz\AppData\Local\Programs\Microsoft VS Code\bin;C:\lua\bin;C:\Users\Hapiz\AppData\Roaming\npm;C:\Users\Hapiz\AppData\Local\GitHubDesktop\bin;C:\Windows\System32;C:\MinGW\bin;C:\Users\Hapiz\AMD APP SDK\3.0\include;C:\Users\Hapiz\AMD APP SDK\3.0\bin;C:\Users\Hapiz\AMD APP SDK\3.0;C:\Users\Hapiz\AMD APP SDK\3.0\bin\x86_64;C:\Program Files\NVIDIA GPU Computing Toolkit\CUDA\v11.7\include\CL;C:\Program Files\Go\bin;C:\Users\Hapiz\.dotnet\tools;C:\Users\Hapiz\go\bin;C:\Program Files\apache-maven-3.8.6\bin;C:\Users\Hapiz\AppData\Roaming\nvm;C:\Program Files\nodejs;C:\Users\Hapiz\mingw64\bin;C:\Program Files\Git\usr\bin\vendor_perl;C:\Program Files\Git\usr\bin\core_perl;."/>
    <property name="java.vm.info" value="mixed mode, sharing"/>
    <property name="stderr.encoding" value="Cp1252"/>
    <property name="java.vendor" value="Oracle Corporation"/>
    <property name="java.vm.version" value="19.0.1+10-21"/>
    <property name="sun.io.unicode.encoding" value="UnicodeLittle"/>
    <property name="java.class.version" value="63.0"/>
  </properties>
  <testcase name="shouldAnswerWithTrue" classname="com.ibik.pbo.praktikum.AppTest" time="0.002"/>
</testsuite>